<?xml version="1.0" encoding="UTF-8"?>
<testng-results skipped="0" failed="0" ignored="0" total="1" passed="1">
  <reporter-output>
  </reporter-output>
  <suite name="Default suite" duration-ms="12558" started-at="2018-06-03T19:42:19Z" finished-at="2018-06-03T19:42:32Z">
    <groups>
    </groups>
    <test name="Default test" duration-ms="12558" started-at="2018-06-03T19:42:19Z" finished-at="2018-06-03T19:42:32Z">
      <class name="COA_Assignment.org.coa.assignment.GetExcel">
        <test-method status="PASS" signature="getCustomerInfo()[pri:0, instance:COA_Assignment.org.coa.assignment.GetExcel@18be83e4]" name="getCustomerInfo" duration-ms="12418" started-at="2018-06-03T19:42:19Z" finished-at="2018-06-03T19:42:32Z">
          <reporter-output>
          </reporter-output>
        </test-method> <!-- getCustomerInfo -->
      </class> <!-- COA_Assignment.org.coa.assignment.GetExcel -->
    </test> <!-- Default test -->
  </suite> <!-- Default suite -->
</testng-results>
